<?xml version="1.0" encoding="UTF-8"?>
<robot generator="Robot 2.9 (Jython 2.7.0 on java1.8.0_60)" generated="20151015 20:00:33.350">
<suite source="C:\Users\james\Desktop\softeng-project\acceptance\ArgsParserTests.txt" name="ArgsParserTests" id="s1">
<test name="Test Volume Calculator Normal Function" id="s1-t1">
<kw library="ArgsParserKeywords" name="Start Volume Cacluator With Arguments">
<arguments>
<arg>7</arg>
<arg>5</arg>
<arg>2</arg>
</arguments>
<status endtime="20151015 20:00:33.712" starttime="20151015 20:00:33.704" status="PASS"></status>
</kw>
<kw library="ArgsParserKeywords" name="Get Length">
<assign>
<var>${length}</var>
</assign>
<msg level="WARN" timestamp="20151015 20:00:33.713">Keyword 'Get Length' found both from a custom test library 'ArgsParserKeywords' and a standard library 'BuiltIn'. The custom keyword is used. To select explicitly, and to get rid of this warning, use either 'ArgsParserKeywords.Get Length' or 'BuiltIn.Get Length'.</msg>
<msg level="INFO" timestamp="20151015 20:00:33.717">${length} = 7</msg>
<status endtime="20151015 20:00:33.717" starttime="20151015 20:00:33.713" status="PASS"></status>
</kw>
<kw library="BuiltIn" name="Should Be Equal">
<doc>Fails if the given objects are unequal.</doc>
<arguments>
<arg>7</arg>
<arg>${length}</arg>
</arguments>
<status endtime="20151015 20:00:33.721" starttime="20151015 20:00:33.718" status="PASS"></status>
</kw>
<kw library="ArgsParserKeywords" name="Get Width">
<assign>
<var>${width}</var>
</assign>
<msg level="INFO" timestamp="20151015 20:00:33.725">${width} = 5</msg>
<status endtime="20151015 20:00:33.725" starttime="20151015 20:00:33.722" status="PASS"></status>
</kw>
<kw library="BuiltIn" name="Should Be Equal">
<doc>Fails if the given objects are unequal.</doc>
<arguments>
<arg>5</arg>
<arg>${width}</arg>
</arguments>
<status endtime="20151015 20:00:33.729" starttime="20151015 20:00:33.726" status="PASS"></status>
</kw>
<kw library="ArgsParserKeywords" name="Get Height">
<assign>
<var>${height}</var>
</assign>
<msg level="INFO" timestamp="20151015 20:00:33.733">${height} = 2</msg>
<status endtime="20151015 20:00:33.733" starttime="20151015 20:00:33.730" status="PASS"></status>
</kw>
<kw library="BuiltIn" name="Should Be Equal">
<doc>Fails if the given objects are unequal.</doc>
<arguments>
<arg>2</arg>
<arg>${height}</arg>
</arguments>
<status endtime="20151015 20:00:33.738" starttime="20151015 20:00:33.735" status="PASS"></status>
</kw>
<kw library="ArgsParserKeywords" name="Get Program Output">
<assign>
<var>${output}</var>
</assign>
<msg level="INFO" timestamp="20151015 20:00:33.743">${output} = 70.0</msg>
<status endtime="20151015 20:00:33.744" starttime="20151015 20:00:33.740" status="PASS"></status>
</kw>
<kw library="BuiltIn" name="Should Be Equal">
<doc>Fails if the given objects are unequal.</doc>
<arguments>
<arg>${output}</arg>
<arg>70.0</arg>
</arguments>
<status endtime="20151015 20:00:33.748" starttime="20151015 20:00:33.745" status="PASS"></status>
</kw>
<status critical="yes" endtime="20151015 20:00:33.750" starttime="20151015 20:00:33.699" status="PASS"></status>
</test>
<test name="Test Unrecognized Argument" id="s1-t2">
<kw library="ArgsParserKeywords" name="Start Volume Cacluator With Arguments">
<arguments>
<arg>7</arg>
<arg>5</arg>
<arg>2</arg>
<arg>43</arg>
</arguments>
<status endtime="20151015 20:00:33.758" starttime="20151015 20:00:33.754" status="PASS"></status>
</kw>
<kw library="ArgsParserKeywords" name="Get Program Output">
<assign>
<var>${output}</var>
</assign>
<msg level="INFO" timestamp="20151015 20:00:33.762">${output} = usage: java VolumeCalculator length width height 
VolumeCalculator.java: error: unrecognized arguments: 43</msg>
<status endtime="20151015 20:00:33.762" starttime="20151015 20:00:33.759" status="PASS"></status>
</kw>
<kw library="BuiltIn" name="Should Be Equal">
<doc>Fails if the given objects are unequal.</doc>
<arguments>
<arg>${output}</arg>
<arg>${expected}</arg>
</arguments>
<status endtime="20151015 20:00:33.767" starttime="20151015 20:00:33.764" status="PASS"></status>
</kw>
<status critical="yes" endtime="20151015 20:00:33.768" starttime="20151015 20:00:33.752" status="PASS"></status>
</test>
<test name="Test Absurd Program Normal Function" id="s1-t3">
<kw library="ArgsParserKeywords" name="Start Absurd Program With Arguments">
<arguments>
<arg>dog</arg>
<arg>2</arg>
<arg>true</arg>
<arg>3.5</arg>
</arguments>
<status endtime="20151015 20:00:33.778" starttime="20151015 20:00:33.774" status="PASS"></status>
</kw>
<kw library="ArgsParserKeywords" name="Get Pet">
<assign>
<var>${pet}</var>
</assign>
<msg level="INFO" timestamp="20151015 20:00:33.783">${pet} = dog</msg>
<status endtime="20151015 20:00:33.783" starttime="20151015 20:00:33.780" status="PASS"></status>
</kw>
<kw library="BuiltIn" name="Should Be Equal">
<doc>Fails if the given objects are unequal.</doc>
<arguments>
<arg>dog</arg>
<arg>${pet}</arg>
</arguments>
<status endtime="20151015 20:00:33.788" starttime="20151015 20:00:33.785" status="PASS"></status>
</kw>
<kw library="ArgsParserKeywords" name="Get Number">
<assign>
<var>${number}</var>
</assign>
<msg level="INFO" timestamp="20151015 20:00:33.793">${number} = 2</msg>
<status endtime="20151015 20:00:33.793" starttime="20151015 20:00:33.791" status="PASS"></status>
</kw>
<kw library="BuiltIn" name="Should Be Equal">
<doc>Fails if the given objects are unequal.</doc>
<arguments>
<arg>2</arg>
<arg>${number}</arg>
</arguments>
<status endtime="20151015 20:00:33.798" starttime="20151015 20:00:33.795" status="PASS"></status>
</kw>
<kw library="ArgsParserKeywords" name="Get Rainy">
<assign>
<var>${rainy}</var>
</assign>
<msg level="INFO" timestamp="20151015 20:00:33.802">${rainy} = true</msg>
<status endtime="20151015 20:00:33.803" starttime="20151015 20:00:33.799" status="PASS"></status>
</kw>
<kw library="BuiltIn" name="Should Be Equal">
<doc>Fails if the given objects are unequal.</doc>
<arguments>
<arg>true</arg>
<arg>${rainy}</arg>
</arguments>
<status endtime="20151015 20:00:33.807" starttime="20151015 20:00:33.804" status="PASS"></status>
</kw>
<kw library="ArgsParserKeywords" name="Get Bathrooms">
<assign>
<var>${bathrooms}</var>
</assign>
<msg level="INFO" timestamp="20151015 20:00:33.811">${bathrooms} = 3.5</msg>
<status endtime="20151015 20:00:33.812" starttime="20151015 20:00:33.809" status="PASS"></status>
</kw>
<kw library="BuiltIn" name="Should Be Equal">
<doc>Fails if the given objects are unequal.</doc>
<arguments>
<arg>3.5</arg>
<arg>${bathrooms}</arg>
</arguments>
<status endtime="20151015 20:00:33.816" starttime="20151015 20:00:33.813" status="PASS"></status>
</kw>
<status critical="yes" endtime="20151015 20:00:33.818" starttime="20151015 20:00:33.770" status="PASS"></status>
</test>
<test name="Test Usage Message" id="s1-t4">
<kw library="ArgsParserKeywords" name="Start Program With Arguments">
<arguments>
<arg>-h</arg>
</arguments>
<status endtime="20151015 20:00:33.827" starttime="20151015 20:00:33.825" status="PASS"></status>
</kw>
<kw library="ArgsParserKeywords" name="Get Program Output">
<assign>
<var>${output}</var>
</assign>
<msg level="INFO" timestamp="20151015 20:00:33.830">${output} = usage: java VolumeCalculator length width height 
Calculate the volume of a box
positional arguments:
length the length of the box
width the width of the box
height the height of the box
</msg>
<status endtime="20151015 20:00:33.831" starttime="20151015 20:00:33.828" status="PASS"></status>
</kw>
<kw library="BuiltIn" name="Should Be Equal">
<doc>Fails if the given objects are unequal.</doc>
<arguments>
<arg>${expecte}</arg>
<arg>${output}</arg>
</arguments>
<status endtime="20151015 20:00:33.836" starttime="20151015 20:00:33.832" status="PASS"></status>
</kw>
<status critical="yes" endtime="20151015 20:00:33.837" starttime="20151015 20:00:33.820" status="PASS"></status>
</test>
<test name="Test Incorrect Datatype Message" id="s1-t5">
<kw library="ArgsParserKeywords" name="Start Program With Arguments">
<arguments>
<arg>7</arg>
<arg>something</arg>
<arg>2</arg>
</arguments>
<status endtime="20151015 20:00:33.849" starttime="20151015 20:00:33.843" status="PASS"></status>
</kw>
<kw library="ArgsParserKeywords" name="Get Program Output">
<assign>
<var>${output}</var>
</assign>
<msg level="INFO" timestamp="20151015 20:00:33.854">${output} = usage: java VolumeCalculator length width height 
VolumeCalculator.java: error: argument width: invalid double value: something</msg>
<status endtime="20151015 20:00:33.855" starttime="20151015 20:00:33.851" status="PASS"></status>
</kw>
<kw library="BuiltIn" name="Should Be Equal">
<doc>Fails if the given objects are unequal.</doc>
<arguments>
<arg>${output}</arg>
<arg>${expect}</arg>
</arguments>
<status endtime="20151015 20:00:33.861" starttime="20151015 20:00:33.857" status="PASS"></status>
</kw>
<status critical="yes" endtime="20151015 20:00:33.862" starttime="20151015 20:00:33.840" status="PASS"></status>
</test>
<test name="Test Named Argument Defaults" id="s1-t6">
<kw library="ArgsParserKeywords" name="Start Volume Cacluator With Arguments">
<arguments>
<arg>7</arg>
<arg>3</arg>
<arg>2</arg>
</arguments>
<status endtime="20151015 20:00:33.869" starttime="20151015 20:00:33.866" status="PASS"></status>
</kw>
<kw library="ArgsParserKeywords" name="Get Length">
<assign>
<var>${length}</var>
</assign>
<msg level="WARN" timestamp="20151015 20:00:33.713">Keyword 'Get Length' found both from a custom test library 'ArgsParserKeywords' and a standard library 'BuiltIn'. The custom keyword is used. To select explicitly, and to get rid of this warning, use either 'ArgsParserKeywords.Get Length' or 'BuiltIn.Get Length'.</msg>
<msg level="WARN" timestamp="20151015 20:00:33.871">Keyword 'Get Length' found both from a custom test library 'ArgsParserKeywords' and a standard library 'BuiltIn'. The custom keyword is used. To select explicitly, and to get rid of this warning, use either 'ArgsParserKeywords.Get Length' or 'BuiltIn.Get Length'.</msg>
<msg level="INFO" timestamp="20151015 20:00:33.878">${length} = 7</msg>
<status endtime="20151015 20:00:33.879" starttime="20151015 20:00:33.872" status="PASS"></status>
</kw>
<kw library="BuiltIn" name="Should Be Equal">
<doc>Fails if the given objects are unequal.</doc>
<arguments>
<arg>7</arg>
<arg>${length}</arg>
</arguments>
<status endtime="20151015 20:00:33.885" starttime="20151015 20:00:33.880" status="PASS"></status>
</kw>
<kw library="ArgsParserKeywords" name="Get Width">
<assign>
<var>${width}</var>
</assign>
<msg level="INFO" timestamp="20151015 20:00:33.891">${width} = 3</msg>
<status endtime="20151015 20:00:33.891" starttime="20151015 20:00:33.887" status="PASS"></status>
</kw>
<kw library="BuiltIn" name="Should Be Equal">
<doc>Fails if the given objects are unequal.</doc>
<arguments>
<arg>3</arg>
<arg>${width}</arg>
</arguments>
<status endtime="20151015 20:00:33.897" starttime="20151015 20:00:33.893" status="PASS"></status>
</kw>
<kw library="ArgsParserKeywords" name="Get Height">
<assign>
<var>${height}</var>
</assign>
<msg level="INFO" timestamp="20151015 20:00:33.903">${height} = 2</msg>
<status endtime="20151015 20:00:33.903" starttime="20151015 20:00:33.899" status="PASS"></status>
</kw>
<kw library="BuiltIn" name="Should Be Equal">
<doc>Fails if the given objects are unequal.</doc>
<arguments>
<arg>2</arg>
<arg>${height}</arg>
</arguments>
<status endtime="20151015 20:00:33.910" starttime="20151015 20:00:33.905" status="PASS"></status>
</kw>
<kw library="ArgsParserKeywords" name="Get Type">
<assign>
<var>${type}</var>
</assign>
<msg level="INFO" timestamp="20151015 20:00:33.915">${type} = box</msg>
<status endtime="20151015 20:00:33.916" starttime="20151015 20:00:33.912" status="PASS"></status>
</kw>
<kw library="BuiltIn" name="Should Be Equal">
<doc>Fails if the given objects are unequal.</doc>
<arguments>
<arg>box</arg>
<arg>${type}</arg>
</arguments>
<status endtime="20151015 20:00:33.920" starttime="20151015 20:00:33.917" status="PASS"></status>
</kw>
<kw library="ArgsParserKeywords" name="Get Digits">
<assign>
<var>${digits}</var>
</assign>
<msg level="INFO" timestamp="20151015 20:00:33.925">${digits} = 4</msg>
<status endtime="20151015 20:00:33.926" starttime="20151015 20:00:33.922" status="PASS"></status>
</kw>
<kw library="BuiltIn" name="Should Be Equal">
<doc>Fails if the given objects are unequal.</doc>
<arguments>
<arg>4</arg>
<arg>${digits}</arg>
</arguments>
<status endtime="20151015 20:00:33.932" starttime="20151015 20:00:33.928" status="PASS"></status>
</kw>
<status critical="yes" endtime="20151015 20:00:33.934" starttime="20151015 20:00:33.863" status="PASS"></status>
</test>
<test name="Test Named Argument Single" id="s1-t7">
<kw library="ArgsParserKeywords" name="Start Volume Cacluator With Arguments">
<arguments>
<arg>7</arg>
<arg>3</arg>
<arg>2</arg>
<arg>--type</arg>
<arg>ellipsoid</arg>
</arguments>
<status endtime="20151015 20:00:33.946" starttime="20151015 20:00:33.941" status="PASS"></status>
</kw>
<kw library="ArgsParserKeywords" name="Get Length">
<assign>
<var>${length}</var>
</assign>
<msg level="WARN" timestamp="20151015 20:00:33.713">Keyword 'Get Length' found both from a custom test library 'ArgsParserKeywords' and a standard library 'BuiltIn'. The custom keyword is used. To select explicitly, and to get rid of this warning, use either 'ArgsParserKeywords.Get Length' or 'BuiltIn.Get Length'.</msg>
<msg level="WARN" timestamp="20151015 20:00:33.871">Keyword 'Get Length' found both from a custom test library 'ArgsParserKeywords' and a standard library 'BuiltIn'. The custom keyword is used. To select explicitly, and to get rid of this warning, use either 'ArgsParserKeywords.Get Length' or 'BuiltIn.Get Length'.</msg>
<msg level="WARN" timestamp="20151015 20:00:33.948">Keyword 'Get Length' found both from a custom test library 'ArgsParserKeywords' and a standard library 'BuiltIn'. The custom keyword is used. To select explicitly, and to get rid of this warning, use either 'ArgsParserKeywords.Get Length' or 'BuiltIn.Get Length'.</msg>
<msg level="INFO" timestamp="20151015 20:00:33.958">${length} = 7</msg>
<status endtime="20151015 20:00:33.959" starttime="20151015 20:00:33.949" status="PASS"></status>
</kw>
<kw library="BuiltIn" name="Should Be Equal">
<doc>Fails if the given objects are unequal.</doc>
<arguments>
<arg>7</arg>
<arg>${length}</arg>
</arguments>
<status endtime="20151015 20:00:33.966" starttime="20151015 20:00:33.961" status="PASS"></status>
</kw>
<kw library="ArgsParserKeywords" name="Get Width">
<assign>
<var>${width}</var>
</assign>
<msg level="INFO" timestamp="20151015 20:00:33.969">${width} = 3</msg>
<status endtime="20151015 20:00:33.969" starttime="20151015 20:00:33.967" status="PASS"></status>
</kw>
<kw library="BuiltIn" name="Should Be Equal">
<doc>Fails if the given objects are unequal.</doc>
<arguments>
<arg>3</arg>
<arg>${width}</arg>
</arguments>
<status endtime="20151015 20:00:33.975" starttime="20151015 20:00:33.970" status="PASS"></status>
</kw>
<kw library="ArgsParserKeywords" name="Get Height">
<assign>
<var>${height}</var>
</assign>
<msg level="INFO" timestamp="20151015 20:00:33.978">${height} = 2</msg>
<status endtime="20151015 20:00:33.978" starttime="20151015 20:00:33.976" status="PASS"></status>
</kw>
<kw library="BuiltIn" name="Should Be Equal">
<doc>Fails if the given objects are unequal.</doc>
<arguments>
<arg>2</arg>
<arg>${height}</arg>
</arguments>
<status endtime="20151015 20:00:33.982" starttime="20151015 20:00:33.979" status="PASS"></status>
</kw>
<kw library="ArgsParserKeywords" name="Get Type">
<assign>
<var>${type}</var>
</assign>
<msg level="INFO" timestamp="20151015 20:00:33.986">${type} = ellipsoid</msg>
<status endtime="20151015 20:00:33.987" starttime="20151015 20:00:33.983" status="PASS"></status>
</kw>
<kw library="BuiltIn" name="Should Be Equal">
<doc>Fails if the given objects are unequal.</doc>
<arguments>
<arg>ellipsoid</arg>
<arg>${type}</arg>
</arguments>
<status endtime="20151015 20:00:33.992" starttime="20151015 20:00:33.989" status="PASS"></status>
</kw>
<kw library="ArgsParserKeywords" name="Get Digits">
<assign>
<var>${digits}</var>
</assign>
<msg level="INFO" timestamp="20151015 20:00:33.995">${digits} = 4</msg>
<status endtime="20151015 20:00:33.996" starttime="20151015 20:00:33.993" status="PASS"></status>
</kw>
<kw library="BuiltIn" name="Should Be Equal">
<doc>Fails if the given objects are unequal.</doc>
<arguments>
<arg>4</arg>
<arg>${digits}</arg>
</arguments>
<status endtime="20151015 20:00:34.001" starttime="20151015 20:00:33.998" status="PASS"></status>
</kw>
<status critical="yes" endtime="20151015 20:00:34.002" starttime="20151015 20:00:33.936" status="PASS"></status>
</test>
<test name="Test Named Argument Multiple" id="s1-t8">
<kw library="ArgsParserKeywords" name="Start Volume Cacluator With Arguments">
<arguments>
<arg>7</arg>
<arg>3</arg>
<arg>2</arg>
<arg>--type</arg>
<arg>ellipsoid</arg>
<arg>--digits</arg>
<arg>1</arg>
</arguments>
<status endtime="20151015 20:00:34.015" starttime="20151015 20:00:34.009" status="PASS"></status>
</kw>
<kw library="ArgsParserKeywords" name="Get Length">
<assign>
<var>${length}</var>
</assign>
<msg level="WARN" timestamp="20151015 20:00:33.713">Keyword 'Get Length' found both from a custom test library 'ArgsParserKeywords' and a standard library 'BuiltIn'. The custom keyword is used. To select explicitly, and to get rid of this warning, use either 'ArgsParserKeywords.Get Length' or 'BuiltIn.Get Length'.</msg>
<msg level="WARN" timestamp="20151015 20:00:33.871">Keyword 'Get Length' found both from a custom test library 'ArgsParserKeywords' and a standard library 'BuiltIn'. The custom keyword is used. To select explicitly, and to get rid of this warning, use either 'ArgsParserKeywords.Get Length' or 'BuiltIn.Get Length'.</msg>
<msg level="WARN" timestamp="20151015 20:00:33.948">Keyword 'Get Length' found both from a custom test library 'ArgsParserKeywords' and a standard library 'BuiltIn'. The custom keyword is used. To select explicitly, and to get rid of this warning, use either 'ArgsParserKeywords.Get Length' or 'BuiltIn.Get Length'.</msg>
<msg level="WARN" timestamp="20151015 20:00:34.016">Keyword 'Get Length' found both from a custom test library 'ArgsParserKeywords' and a standard library 'BuiltIn'. The custom keyword is used. To select explicitly, and to get rid of this warning, use either 'ArgsParserKeywords.Get Length' or 'BuiltIn.Get Length'.</msg>
<msg level="INFO" timestamp="20151015 20:00:34.024">${length} = 7</msg>
<status endtime="20151015 20:00:34.024" starttime="20151015 20:00:34.017" status="PASS"></status>
</kw>
<kw library="BuiltIn" name="Should Be Equal">
<doc>Fails if the given objects are unequal.</doc>
<arguments>
<arg>7</arg>
<arg>${length}</arg>
</arguments>
<status endtime="20151015 20:00:34.028" starttime="20151015 20:00:34.026" status="PASS"></status>
</kw>
<kw library="ArgsParserKeywords" name="Get Width">
<assign>
<var>${width}</var>
</assign>
<msg level="INFO" timestamp="20151015 20:00:34.032">${width} = 3</msg>
<status endtime="20151015 20:00:34.032" starttime="20151015 20:00:34.030" status="PASS"></status>
</kw>
<kw library="BuiltIn" name="Should Be Equal">
<doc>Fails if the given objects are unequal.</doc>
<arguments>
<arg>3</arg>
<arg>${width}</arg>
</arguments>
<status endtime="20151015 20:00:34.036" starttime="20151015 20:00:34.034" status="PASS"></status>
</kw>
<kw library="ArgsParserKeywords" name="Get Height">
<assign>
<var>${height}</var>
</assign>
<msg level="INFO" timestamp="20151015 20:00:34.041">${height} = 2</msg>
<status endtime="20151015 20:00:34.041" starttime="20151015 20:00:34.038" status="PASS"></status>
</kw>
<kw library="BuiltIn" name="Should Be Equal">
<doc>Fails if the given objects are unequal.</doc>
<arguments>
<arg>2</arg>
<arg>${height}</arg>
</arguments>
<status endtime="20151015 20:00:34.045" starttime="20151015 20:00:34.042" status="PASS"></status>
</kw>
<kw library="ArgsParserKeywords" name="Get Type">
<assign>
<var>${type}</var>
</assign>
<msg level="INFO" timestamp="20151015 20:00:34.049">${type} = ellipsoid</msg>
<status endtime="20151015 20:00:34.049" starttime="20151015 20:00:34.046" status="PASS"></status>
</kw>
<kw library="BuiltIn" name="Should Be Equal">
<doc>Fails if the given objects are unequal.</doc>
<arguments>
<arg>ellipsoid</arg>
<arg>${type}</arg>
</arguments>
<status endtime="20151015 20:00:34.055" starttime="20151015 20:00:34.051" status="PASS"></status>
</kw>
<kw library="ArgsParserKeywords" name="Get Digits">
<assign>
<var>${digits}</var>
</assign>
<msg level="INFO" timestamp="20151015 20:00:34.058">${digits} = 1</msg>
<status endtime="20151015 20:00:34.058" starttime="20151015 20:00:34.056" status="PASS"></status>
</kw>
<kw library="BuiltIn" name="Should Be Equal">
<doc>Fails if the given objects are unequal.</doc>
<arguments>
<arg>1</arg>
<arg>${digits}</arg>
</arguments>
<status endtime="20151015 20:00:34.063" starttime="20151015 20:00:34.060" status="PASS"></status>
</kw>
<status critical="yes" endtime="20151015 20:00:34.064" starttime="20151015 20:00:34.004" status="PASS"></status>
</test>
<test name="Test Named Argument Anywhere" id="s1-t9">
<kw library="ArgsParserKeywords" name="Start Volume Cacluator With Arguments">
<arguments>
<arg>--type</arg>
<arg>ellipsoid</arg>
<arg>7</arg>
<arg>3</arg>
<arg>--digits</arg>
<arg>1</arg>
<arg>2</arg>
</arguments>
<status endtime="20151015 20:00:34.074" starttime="20151015 20:00:34.070" status="PASS"></status>
</kw>
<kw library="ArgsParserKeywords" name="Get Length">
<assign>
<var>${length}</var>
</assign>
<msg level="WARN" timestamp="20151015 20:00:33.713">Keyword 'Get Length' found both from a custom test library 'ArgsParserKeywords' and a standard library 'BuiltIn'. The custom keyword is used. To select explicitly, and to get rid of this warning, use either 'ArgsParserKeywords.Get Length' or 'BuiltIn.Get Length'.</msg>
<msg level="WARN" timestamp="20151015 20:00:33.871">Keyword 'Get Length' found both from a custom test library 'ArgsParserKeywords' and a standard library 'BuiltIn'. The custom keyword is used. To select explicitly, and to get rid of this warning, use either 'ArgsParserKeywords.Get Length' or 'BuiltIn.Get Length'.</msg>
<msg level="WARN" timestamp="20151015 20:00:33.948">Keyword 'Get Length' found both from a custom test library 'ArgsParserKeywords' and a standard library 'BuiltIn'. The custom keyword is used. To select explicitly, and to get rid of this warning, use either 'ArgsParserKeywords.Get Length' or 'BuiltIn.Get Length'.</msg>
<msg level="WARN" timestamp="20151015 20:00:34.016">Keyword 'Get Length' found both from a custom test library 'ArgsParserKeywords' and a standard library 'BuiltIn'. The custom keyword is used. To select explicitly, and to get rid of this warning, use either 'ArgsParserKeywords.Get Length' or 'BuiltIn.Get Length'.</msg>
<msg level="WARN" timestamp="20151015 20:00:34.076">Keyword 'Get Length' found both from a custom test library 'ArgsParserKeywords' and a standard library 'BuiltIn'. The custom keyword is used. To select explicitly, and to get rid of this warning, use either 'ArgsParserKeywords.Get Length' or 'BuiltIn.Get Length'.</msg>
<msg level="INFO" timestamp="20151015 20:00:34.085">${length} = 7</msg>
<status endtime="20151015 20:00:34.085" starttime="20151015 20:00:34.076" status="PASS"></status>
</kw>
<kw library="BuiltIn" name="Should Be Equal">
<doc>Fails if the given objects are unequal.</doc>
<arguments>
<arg>7</arg>
<arg>${length}</arg>
</arguments>
<status endtime="20151015 20:00:34.088" starttime="20151015 20:00:34.086" status="PASS"></status>
</kw>
<kw library="ArgsParserKeywords" name="Get Width">
<assign>
<var>${width}</var>
</assign>
<msg level="INFO" timestamp="20151015 20:00:34.091">${width} = 3</msg>
<status endtime="20151015 20:00:34.091" starttime="20151015 20:00:34.090" status="PASS"></status>
</kw>
<kw library="BuiltIn" name="Should Be Equal">
<doc>Fails if the given objects are unequal.</doc>
<arguments>
<arg>3</arg>
<arg>${width}</arg>
</arguments>
<status endtime="20151015 20:00:34.095" starttime="20151015 20:00:34.092" status="PASS"></status>
</kw>
<kw library="ArgsParserKeywords" name="Get Height">
<assign>
<var>${height}</var>
</assign>
<msg level="INFO" timestamp="20151015 20:00:34.097">${height} = 2</msg>
<status endtime="20151015 20:00:34.098" starttime="20151015 20:00:34.096" status="PASS"></status>
</kw>
<kw library="BuiltIn" name="Should Be Equal">
<doc>Fails if the given objects are unequal.</doc>
<arguments>
<arg>2</arg>
<arg>${height}</arg>
</arguments>
<status endtime="20151015 20:00:34.102" starttime="20151015 20:00:34.099" status="PASS"></status>
</kw>
<kw library="ArgsParserKeywords" name="Get Type">
<assign>
<var>${type}</var>
</assign>
<msg level="INFO" timestamp="20151015 20:00:34.106">${type} = ellipsoid</msg>
<status endtime="20151015 20:00:34.106" starttime="20151015 20:00:34.104" status="PASS"></status>
</kw>
<kw library="BuiltIn" name="Should Be Equal">
<doc>Fails if the given objects are unequal.</doc>
<arguments>
<arg>ellipsoid</arg>
<arg>${type}</arg>
</arguments>
<status endtime="20151015 20:00:34.114" starttime="20151015 20:00:34.109" status="PASS"></status>
</kw>
<kw library="ArgsParserKeywords" name="Get Digits">
<assign>
<var>${digits}</var>
</assign>
<msg level="INFO" timestamp="20151015 20:00:34.117">${digits} = 1</msg>
<status endtime="20151015 20:00:34.118" starttime="20151015 20:00:34.115" status="PASS"></status>
</kw>
<kw library="BuiltIn" name="Should Be Equal">
<doc>Fails if the given objects are unequal.</doc>
<arguments>
<arg>1</arg>
<arg>${digits}</arg>
</arguments>
<status endtime="20151015 20:00:34.121" starttime="20151015 20:00:34.119" status="PASS"></status>
</kw>
<status critical="yes" endtime="20151015 20:00:34.123" starttime="20151015 20:00:34.066" status="PASS"></status>
</test>
<status endtime="20151015 20:00:34.127" starttime="20151015 20:00:33.367" status="PASS"></status>
</suite>
<statistics>
<total>
<stat pass="9" fail="0">Critical Tests</stat>
<stat pass="9" fail="0">All Tests</stat>
</total>
<tag>
</tag>
<suite>
<stat pass="9" fail="0" name="ArgsParserTests" id="s1">ArgsParserTests</stat>
</suite>
</statistics>
<errors>
<msg level="WARN" timestamp="20151015 20:00:33.713">Keyword 'Get Length' found both from a custom test library 'ArgsParserKeywords' and a standard library 'BuiltIn'. The custom keyword is used. To select explicitly, and to get rid of this warning, use either 'ArgsParserKeywords.Get Length' or 'BuiltIn.Get Length'.</msg>
<msg level="WARN" timestamp="20151015 20:00:33.713">Keyword 'Get Length' found both from a custom test library 'ArgsParserKeywords' and a standard library 'BuiltIn'. The custom keyword is used. To select explicitly, and to get rid of this warning, use either 'ArgsParserKeywords.Get Length' or 'BuiltIn.Get Length'.</msg>
<msg level="WARN" timestamp="20151015 20:00:33.871">Keyword 'Get Length' found both from a custom test library 'ArgsParserKeywords' and a standard library 'BuiltIn'. The custom keyword is used. To select explicitly, and to get rid of this warning, use either 'ArgsParserKeywords.Get Length' or 'BuiltIn.Get Length'.</msg>
<msg level="WARN" timestamp="20151015 20:00:33.713">Keyword 'Get Length' found both from a custom test library 'ArgsParserKeywords' and a standard library 'BuiltIn'. The custom keyword is used. To select explicitly, and to get rid of this warning, use either 'ArgsParserKeywords.Get Length' or 'BuiltIn.Get Length'.</msg>
<msg level="WARN" timestamp="20151015 20:00:33.871">Keyword 'Get Length' found both from a custom test library 'ArgsParserKeywords' and a standard library 'BuiltIn'. The custom keyword is used. To select explicitly, and to get rid of this warning, use either 'ArgsParserKeywords.Get Length' or 'BuiltIn.Get Length'.</msg>
<msg level="WARN" timestamp="20151015 20:00:33.948">Keyword 'Get Length' found both from a custom test library 'ArgsParserKeywords' and a standard library 'BuiltIn'. The custom keyword is used. To select explicitly, and to get rid of this warning, use either 'ArgsParserKeywords.Get Length' or 'BuiltIn.Get Length'.</msg>
<msg level="WARN" timestamp="20151015 20:00:33.713">Keyword 'Get Length' found both from a custom test library 'ArgsParserKeywords' and a standard library 'BuiltIn'. The custom keyword is used. To select explicitly, and to get rid of this warning, use either 'ArgsParserKeywords.Get Length' or 'BuiltIn.Get Length'.</msg>
<msg level="WARN" timestamp="20151015 20:00:33.871">Keyword 'Get Length' found both from a custom test library 'ArgsParserKeywords' and a standard library 'BuiltIn'. The custom keyword is used. To select explicitly, and to get rid of this warning, use either 'ArgsParserKeywords.Get Length' or 'BuiltIn.Get Length'.</msg>
<msg level="WARN" timestamp="20151015 20:00:33.948">Keyword 'Get Length' found both from a custom test library 'ArgsParserKeywords' and a standard library 'BuiltIn'. The custom keyword is used. To select explicitly, and to get rid of this warning, use either 'ArgsParserKeywords.Get Length' or 'BuiltIn.Get Length'.</msg>
<msg level="WARN" timestamp="20151015 20:00:34.016">Keyword 'Get Length' found both from a custom test library 'ArgsParserKeywords' and a standard library 'BuiltIn'. The custom keyword is used. To select explicitly, and to get rid of this warning, use either 'ArgsParserKeywords.Get Length' or 'BuiltIn.Get Length'.</msg>
<msg level="WARN" timestamp="20151015 20:00:33.713">Keyword 'Get Length' found both from a custom test library 'ArgsParserKeywords' and a standard library 'BuiltIn'. The custom keyword is used. To select explicitly, and to get rid of this warning, use either 'ArgsParserKeywords.Get Length' or 'BuiltIn.Get Length'.</msg>
<msg level="WARN" timestamp="20151015 20:00:33.871">Keyword 'Get Length' found both from a custom test library 'ArgsParserKeywords' and a standard library 'BuiltIn'. The custom keyword is used. To select explicitly, and to get rid of this warning, use either 'ArgsParserKeywords.Get Length' or 'BuiltIn.Get Length'.</msg>
<msg level="WARN" timestamp="20151015 20:00:33.948">Keyword 'Get Length' found both from a custom test library 'ArgsParserKeywords' and a standard library 'BuiltIn'. The custom keyword is used. To select explicitly, and to get rid of this warning, use either 'ArgsParserKeywords.Get Length' or 'BuiltIn.Get Length'.</msg>
<msg level="WARN" timestamp="20151015 20:00:34.016">Keyword 'Get Length' found both from a custom test library 'ArgsParserKeywords' and a standard library 'BuiltIn'. The custom keyword is used. To select explicitly, and to get rid of this warning, use either 'ArgsParserKeywords.Get Length' or 'BuiltIn.Get Length'.</msg>
<msg level="WARN" timestamp="20151015 20:00:34.076">Keyword 'Get Length' found both from a custom test library 'ArgsParserKeywords' and a standard library 'BuiltIn'. The custom keyword is used. To select explicitly, and to get rid of this warning, use either 'ArgsParserKeywords.Get Length' or 'BuiltIn.Get Length'.</msg>
</errors>
</robot>
