<?xml version="1.0" encoding="UTF-8"?>
<robot generator="Robot 2.9 (Jython 2.7.0 on java1.8.0_60)" generated="20151001 21:01:08.276">
<suite source="C:\Users\james\Desktop\softeng-project\acceptance\ArgsParserTests.txt" name="ArgsParserTests" id="s1">
<test name="Test Volume Calculator Normal Function" id="s1-t1">
<kw library="ArgsParserKeywords" name="Start Volume Cacluator With Arguments">
<arguments>
<arg>7</arg>
<arg>5</arg>
<arg>2</arg>
</arguments>
<status endtime="20151001 21:01:08.632" starttime="20151001 21:01:08.624" status="PASS"></status>
</kw>
<kw library="ArgsParserKeywords" name="Get Length">
<assign>
<var>${length}</var>
</assign>
<msg level="WARN" timestamp="20151001 21:01:08.634">Keyword 'Get Length' found both from a custom test library 'ArgsParserKeywords' and a standard library 'BuiltIn'. The custom keyword is used. To select explicitly, and to get rid of this warning, use either 'ArgsParserKeywords.Get Length' or 'BuiltIn.Get Length'.</msg>
<msg level="INFO" timestamp="20151001 21:01:08.640">${length} = 7</msg>
<status endtime="20151001 21:01:08.641" starttime="20151001 21:01:08.635" status="PASS"></status>
</kw>
<kw library="BuiltIn" name="Should Be Equal">
<doc>Fails if the given objects are unequal.</doc>
<arguments>
<arg>7</arg>
<arg>${length}</arg>
</arguments>
<status endtime="20151001 21:01:08.650" starttime="20151001 21:01:08.644" status="PASS"></status>
</kw>
<kw library="ArgsParserKeywords" name="Get Width">
<assign>
<var>${width}</var>
</assign>
<msg level="INFO" timestamp="20151001 21:01:08.655">${width} = 5</msg>
<status endtime="20151001 21:01:08.656" starttime="20151001 21:01:08.652" status="PASS"></status>
</kw>
<kw library="BuiltIn" name="Should Be Equal">
<doc>Fails if the given objects are unequal.</doc>
<arguments>
<arg>5</arg>
<arg>${width}</arg>
</arguments>
<status endtime="20151001 21:01:08.663" starttime="20151001 21:01:08.658" status="PASS"></status>
</kw>
<kw library="ArgsParserKeywords" name="Get Height">
<assign>
<var>${height}</var>
</assign>
<msg level="INFO" timestamp="20151001 21:01:08.669">${height} = 2</msg>
<status endtime="20151001 21:01:08.670" starttime="20151001 21:01:08.666" status="PASS"></status>
</kw>
<kw library="BuiltIn" name="Should Be Equal">
<doc>Fails if the given objects are unequal.</doc>
<arguments>
<arg>2</arg>
<arg>${height}</arg>
</arguments>
<status endtime="20151001 21:01:08.675" starttime="20151001 21:01:08.672" status="PASS"></status>
</kw>
<kw library="ArgsParserKeywords" name="Get Program Output">
<assign>
<var>${output}</var>
</assign>
<msg level="INFO" timestamp="20151001 21:01:08.678">${output} = 70.0</msg>
<status endtime="20151001 21:01:08.679" starttime="20151001 21:01:08.676" status="PASS"></status>
</kw>
<kw library="BuiltIn" name="Should Be Equal">
<doc>Fails if the given objects are unequal.</doc>
<arguments>
<arg>${output}</arg>
<arg>70.0</arg>
</arguments>
<status endtime="20151001 21:01:08.683" starttime="20151001 21:01:08.680" status="PASS"></status>
</kw>
<status critical="yes" endtime="20151001 21:01:08.685" starttime="20151001 21:01:08.619" status="PASS"></status>
</test>
<test name="Test Unrecognized Argument" id="s1-t2">
<kw library="ArgsParserKeywords" name="Start Volume Cacluator With Arguments">
<arguments>
<arg>7</arg>
<arg>5</arg>
<arg>2</arg>
<arg>43</arg>
</arguments>
<msg level="INFO" timestamp="20151001 21:01:08.696">usage: java VolumeCalculator length width height 
VolumeCalculator.java: error: unrecognized arguments: 7usage: java VolumeCalculator length width height 
VolumeCalculator.java: error: unrecognized arguments: 5usage: java VolumeCalculator length width height 
VolumeCalculator.java: error: unrecognized arguments: 2usage: java VolumeCalculator length width height 
VolumeCalculator.java: error: unrecognized arguments: 43</msg>
<status endtime="20151001 21:01:08.697" starttime="20151001 21:01:08.691" status="PASS"></status>
</kw>
<kw library="ArgsParserKeywords" name="Get Program Output">
<assign>
<var>${output}</var>
</assign>
<msg level="INFO" timestamp="20151001 21:01:08.701">${output} = usage: java VolumeCalculator length width height 
VolumeCalculator.java: error: unrecognized arguments: 43</msg>
<status endtime="20151001 21:01:08.702" starttime="20151001 21:01:08.699" status="PASS"></status>
</kw>
<kw library="BuiltIn" name="Should Be Equal">
<doc>Fails if the given objects are unequal.</doc>
<arguments>
<arg>${output}</arg>
<arg>${expected}</arg>
</arguments>
<status endtime="20151001 21:01:08.706" starttime="20151001 21:01:08.703" status="PASS"></status>
</kw>
<status critical="yes" endtime="20151001 21:01:08.707" starttime="20151001 21:01:08.688" status="PASS"></status>
</test>
<test name="Test Absurd Program Normal Function" id="s1-t3">
<kw library="ArgsParserKeywords" name="Start Absurd Program With Arguments">
<arguments>
<arg>dog</arg>
<arg>2</arg>
<arg>true</arg>
<arg>3.5</arg>
</arguments>
<status endtime="20151001 21:01:08.716" starttime="20151001 21:01:08.713" status="PASS"></status>
</kw>
<kw library="ArgsParserKeywords" name="Get Pet">
<assign>
<var>${pet}</var>
</assign>
<msg level="INFO" timestamp="20151001 21:01:08.719">${pet} = dog</msg>
<status endtime="20151001 21:01:08.719" starttime="20151001 21:01:08.717" status="PASS"></status>
</kw>
<kw library="BuiltIn" name="Should Be Equal">
<doc>Fails if the given objects are unequal.</doc>
<arguments>
<arg>dog</arg>
<arg>${pet}</arg>
</arguments>
<status endtime="20151001 21:01:08.723" starttime="20151001 21:01:08.721" status="PASS"></status>
</kw>
<kw library="ArgsParserKeywords" name="Get Number">
<assign>
<var>${number}</var>
</assign>
<msg level="INFO" timestamp="20151001 21:01:08.728">${number} = 2</msg>
<status endtime="20151001 21:01:08.729" starttime="20151001 21:01:08.726" status="PASS"></status>
</kw>
<kw library="BuiltIn" name="Should Be Equal">
<doc>Fails if the given objects are unequal.</doc>
<arguments>
<arg>2</arg>
<arg>${number}</arg>
</arguments>
<status endtime="20151001 21:01:08.733" starttime="20151001 21:01:08.730" status="PASS"></status>
</kw>
<kw library="ArgsParserKeywords" name="Get Rainy">
<assign>
<var>${rainy}</var>
</assign>
<msg level="INFO" timestamp="20151001 21:01:08.736">${rainy} = true</msg>
<status endtime="20151001 21:01:08.736" starttime="20151001 21:01:08.734" status="PASS"></status>
</kw>
<kw library="BuiltIn" name="Should Be Equal">
<doc>Fails if the given objects are unequal.</doc>
<arguments>
<arg>true</arg>
<arg>${rainy}</arg>
</arguments>
<status endtime="20151001 21:01:08.740" starttime="20151001 21:01:08.738" status="PASS"></status>
</kw>
<kw library="ArgsParserKeywords" name="Get Bathrooms">
<assign>
<var>${bathrooms}</var>
</assign>
<msg level="INFO" timestamp="20151001 21:01:08.744">${bathrooms} = 3.5</msg>
<status endtime="20151001 21:01:08.745" starttime="20151001 21:01:08.742" status="PASS"></status>
</kw>
<kw library="BuiltIn" name="Should Be Equal">
<doc>Fails if the given objects are unequal.</doc>
<arguments>
<arg>3.5</arg>
<arg>${bathrooms}</arg>
</arguments>
<status endtime="20151001 21:01:08.751" starttime="20151001 21:01:08.747" status="PASS"></status>
</kw>
<status critical="yes" endtime="20151001 21:01:08.753" starttime="20151001 21:01:08.710" status="PASS"></status>
</test>
<test name="Test Usage Message" id="s1-t4">
<kw library="ArgsParserKeywords" name="Start Program With Arguments">
<arguments>
<arg>-h</arg>
</arguments>
<status endtime="20151001 21:01:08.763" starttime="20151001 21:01:08.761" status="PASS"></status>
</kw>
<kw library="ArgsParserKeywords" name="Get Program Output">
<assign>
<var>${output}</var>
</assign>
<msg level="INFO" timestamp="20151001 21:01:08.767">${output} = usage: java VolumeCalculator length width height 
Calculate the volume of a box
positional arguments:
length the length of the box
width the width of the box
height the height of the box
</msg>
<status endtime="20151001 21:01:08.767" starttime="20151001 21:01:08.765" status="PASS"></status>
</kw>
<kw library="BuiltIn" name="Should Be Equal">
<doc>Fails if the given objects are unequal.</doc>
<arguments>
<arg>${expect}</arg>
<arg>${output}</arg>
</arguments>
<status endtime="20151001 21:01:08.773" starttime="20151001 21:01:08.769" status="PASS"></status>
</kw>
<status critical="yes" endtime="20151001 21:01:08.775" starttime="20151001 21:01:08.757" status="PASS"></status>
</test>
<test name="Test Incorrect Datatype Message" id="s1-t5">
<kw library="ArgsParserKeywords" name="Start Program With Arguments">
<arguments>
<arg>7</arg>
<arg>something</arg>
<arg>2</arg>
</arguments>
<status endtime="20151001 21:01:08.784" starttime="20151001 21:01:08.781" status="PASS"></status>
</kw>
<kw library="ArgsParserKeywords" name="Get Program Output">
<assign>
<var>${output}</var>
</assign>
<msg level="INFO" timestamp="20151001 21:01:08.787">${output} = usage: java VolumeCalculator length width height 
VolumeCalculator.java: error: argument width: invalid double value: something</msg>
<status endtime="20151001 21:01:08.788" starttime="20151001 21:01:08.785" status="PASS"></status>
</kw>
<kw library="BuiltIn" name="Should Be Equal">
<doc>Fails if the given objects are unequal.</doc>
<arguments>
<arg>${output}</arg>
<arg>${exp}</arg>
</arguments>
<status endtime="20151001 21:01:08.793" starttime="20151001 21:01:08.789" status="PASS"></status>
</kw>
<status critical="yes" endtime="20151001 21:01:08.794" starttime="20151001 21:01:08.778" status="PASS"></status>
</test>
<status endtime="20151001 21:01:08.798" starttime="20151001 21:01:08.289" status="PASS"></status>
</suite>
<statistics>
<total>
<stat pass="5" fail="0">Critical Tests</stat>
<stat pass="5" fail="0">All Tests</stat>
</total>
<tag>
</tag>
<suite>
<stat pass="5" fail="0" name="ArgsParserTests" id="s1">ArgsParserTests</stat>
</suite>
</statistics>
<errors>
<msg level="WARN" timestamp="20151001 21:01:08.634">Keyword 'Get Length' found both from a custom test library 'ArgsParserKeywords' and a standard library 'BuiltIn'. The custom keyword is used. To select explicitly, and to get rid of this warning, use either 'ArgsParserKeywords.Get Length' or 'BuiltIn.Get Length'.</msg>
</errors>
</robot>
