<?xml version="1.0" encoding="UTF-8"?>
<robot generator="Robot 2.9 (Jython 2.7.0 on java1.8.0_60)" generated="20151001 21:15:46.327">
<suite source="C:\Users\james\Desktop\softeng-project\acceptance\ArgsParserTests.txt" name="ArgsParserTests" id="s1">
<test name="Test Volume Calculator Normal Function" id="s1-t1">
<kw library="ArgsParserKeywords" name="Start Volume Cacluator With Arguments">
<arguments>
<arg>7</arg>
<arg>5</arg>
<arg>2</arg>
</arguments>
<status endtime="20151001 21:15:46.689" starttime="20151001 21:15:46.682" status="PASS"></status>
</kw>
<kw library="ArgsParserKeywords" name="Get Length">
<assign>
<var>${length}</var>
</assign>
<msg level="WARN" timestamp="20151001 21:15:46.691">Keyword 'Get Length' found both from a custom test library 'ArgsParserKeywords' and a standard library 'BuiltIn'. The custom keyword is used. To select explicitly, and to get rid of this warning, use either 'ArgsParserKeywords.Get Length' or 'BuiltIn.Get Length'.</msg>
<msg level="INFO" timestamp="20151001 21:15:46.696">${length} = 7</msg>
<status endtime="20151001 21:15:46.697" starttime="20151001 21:15:46.692" status="PASS"></status>
</kw>
<kw library="BuiltIn" name="Should Be Equal">
<doc>Fails if the given objects are unequal.</doc>
<arguments>
<arg>7</arg>
<arg>${length}</arg>
</arguments>
<status endtime="20151001 21:15:46.705" starttime="20151001 21:15:46.700" status="PASS"></status>
</kw>
<kw library="ArgsParserKeywords" name="Get Width">
<assign>
<var>${width}</var>
</assign>
<msg level="INFO" timestamp="20151001 21:15:46.711">${width} = 5</msg>
<status endtime="20151001 21:15:46.712" starttime="20151001 21:15:46.707" status="PASS"></status>
</kw>
<kw library="BuiltIn" name="Should Be Equal">
<doc>Fails if the given objects are unequal.</doc>
<arguments>
<arg>5</arg>
<arg>${width}</arg>
</arguments>
<status endtime="20151001 21:15:46.719" starttime="20151001 21:15:46.714" status="PASS"></status>
</kw>
<kw library="ArgsParserKeywords" name="Get Height">
<assign>
<var>${height}</var>
</assign>
<msg level="INFO" timestamp="20151001 21:15:46.725">${height} = 2</msg>
<status endtime="20151001 21:15:46.725" starttime="20151001 21:15:46.721" status="PASS"></status>
</kw>
<kw library="BuiltIn" name="Should Be Equal">
<doc>Fails if the given objects are unequal.</doc>
<arguments>
<arg>2</arg>
<arg>${height}</arg>
</arguments>
<status endtime="20151001 21:15:46.731" starttime="20151001 21:15:46.728" status="PASS"></status>
</kw>
<kw library="ArgsParserKeywords" name="Get Program Output">
<assign>
<var>${output}</var>
</assign>
<msg level="INFO" timestamp="20151001 21:15:46.736">${output} = 70.0</msg>
<status endtime="20151001 21:15:46.737" starttime="20151001 21:15:46.733" status="PASS"></status>
</kw>
<kw library="BuiltIn" name="Should Be Equal">
<doc>Fails if the given objects are unequal.</doc>
<arguments>
<arg>${output}</arg>
<arg>70.0</arg>
</arguments>
<status endtime="20151001 21:15:46.744" starttime="20151001 21:15:46.739" status="PASS"></status>
</kw>
<status critical="yes" endtime="20151001 21:15:46.746" starttime="20151001 21:15:46.677" status="PASS"></status>
</test>
<test name="Test Unrecognized Argument" id="s1-t2">
<kw library="ArgsParserKeywords" name="Start Volume Cacluator With Arguments">
<arguments>
<arg>7</arg>
<arg>5</arg>
<arg>2</arg>
<arg>43</arg>
</arguments>
<msg level="INFO" timestamp="20151001 21:15:46.758">usage: java VolumeCalculator length width height 
VolumeCalculator.java: error: unrecognized arguments: 7usage: java VolumeCalculator length width height 
VolumeCalculator.java: error: unrecognized arguments: 5usage: java VolumeCalculator length width height 
VolumeCalculator.java: error: unrecognized arguments: 2usage: java VolumeCalculator length width height 
VolumeCalculator.java: error: unrecognized arguments: 43</msg>
<status endtime="20151001 21:15:46.760" starttime="20151001 21:15:46.753" status="PASS"></status>
</kw>
<kw library="ArgsParserKeywords" name="Get Program Output">
<assign>
<var>${output}</var>
</assign>
<msg level="INFO" timestamp="20151001 21:15:46.765">${output} = usage: java VolumeCalculator length width height 
VolumeCalculator.java: error: unrecognized arguments: 43</msg>
<status endtime="20151001 21:15:46.766" starttime="20151001 21:15:46.762" status="PASS"></status>
</kw>
<kw library="BuiltIn" name="Should Be Equal">
<doc>Fails if the given objects are unequal.</doc>
<arguments>
<arg>${output}</arg>
<arg>${expected}</arg>
</arguments>
<status endtime="20151001 21:15:46.771" starttime="20151001 21:15:46.768" status="PASS"></status>
</kw>
<status critical="yes" endtime="20151001 21:15:46.772" starttime="20151001 21:15:46.749" status="PASS"></status>
</test>
<test name="Test Absurd Program Normal Function" id="s1-t3">
<kw library="ArgsParserKeywords" name="Start Absurd Program With Arguments">
<arguments>
<arg>dog</arg>
<arg>2</arg>
<arg>true</arg>
<arg>3.5</arg>
</arguments>
<status endtime="20151001 21:15:46.781" starttime="20151001 21:15:46.778" status="PASS"></status>
</kw>
<kw library="ArgsParserKeywords" name="Get Pet">
<assign>
<var>${pet}</var>
</assign>
<msg level="INFO" timestamp="20151001 21:15:46.785">${pet} = dog</msg>
<status endtime="20151001 21:15:46.785" starttime="20151001 21:15:46.782" status="PASS"></status>
</kw>
<kw library="BuiltIn" name="Should Be Equal">
<doc>Fails if the given objects are unequal.</doc>
<arguments>
<arg>dog</arg>
<arg>${pet}</arg>
</arguments>
<status endtime="20151001 21:15:46.789" starttime="20151001 21:15:46.786" status="PASS"></status>
</kw>
<kw library="ArgsParserKeywords" name="Get Number">
<assign>
<var>${number}</var>
</assign>
<msg level="INFO" timestamp="20151001 21:15:46.793">${number} = 2</msg>
<status endtime="20151001 21:15:46.793" starttime="20151001 21:15:46.791" status="PASS"></status>
</kw>
<kw library="BuiltIn" name="Should Be Equal">
<doc>Fails if the given objects are unequal.</doc>
<arguments>
<arg>2</arg>
<arg>${number}</arg>
</arguments>
<status endtime="20151001 21:15:46.798" starttime="20151001 21:15:46.794" status="PASS"></status>
</kw>
<kw library="ArgsParserKeywords" name="Get Rainy">
<assign>
<var>${rainy}</var>
</assign>
<msg level="INFO" timestamp="20151001 21:15:46.801">${rainy} = true</msg>
<status endtime="20151001 21:15:46.802" starttime="20151001 21:15:46.799" status="PASS"></status>
</kw>
<kw library="BuiltIn" name="Should Be Equal">
<doc>Fails if the given objects are unequal.</doc>
<arguments>
<arg>true</arg>
<arg>${rainy}</arg>
</arguments>
<status endtime="20151001 21:15:46.806" starttime="20151001 21:15:46.803" status="PASS"></status>
</kw>
<kw library="ArgsParserKeywords" name="Get Bathrooms">
<assign>
<var>${bathrooms}</var>
</assign>
<msg level="INFO" timestamp="20151001 21:15:46.809">${bathrooms} = 3.5</msg>
<status endtime="20151001 21:15:46.810" starttime="20151001 21:15:46.808" status="PASS"></status>
</kw>
<kw library="BuiltIn" name="Should Be Equal">
<doc>Fails if the given objects are unequal.</doc>
<arguments>
<arg>3.5</arg>
<arg>${bathrooms}</arg>
</arguments>
<status endtime="20151001 21:15:46.814" starttime="20151001 21:15:46.811" status="PASS"></status>
</kw>
<status critical="yes" endtime="20151001 21:15:46.815" starttime="20151001 21:15:46.774" status="PASS"></status>
</test>
<test name="Test Usage Message" id="s1-t4">
<kw library="ArgsParserKeywords" name="Start Program With Arguments">
<arguments>
<arg>-h</arg>
</arguments>
<status endtime="20151001 21:15:46.822" starttime="20151001 21:15:46.820" status="PASS"></status>
</kw>
<kw library="ArgsParserKeywords" name="Get Program Output">
<assign>
<var>${output}</var>
</assign>
<msg level="INFO" timestamp="20151001 21:15:46.827">${output} = usage: java VolumeCalculator length width height 
Calculate the volume of a box
positional arguments:
length the length of the box
width the width of the box
height the height of the box
</msg>
<status endtime="20151001 21:15:46.827" starttime="20151001 21:15:46.824" status="PASS"></status>
</kw>
<kw library="BuiltIn" name="Should Be Equal">
<doc>Fails if the given objects are unequal.</doc>
<arguments>
<arg>${expect}</arg>
<arg>${output}</arg>
</arguments>
<status endtime="20151001 21:15:46.833" starttime="20151001 21:15:46.828" status="PASS"></status>
</kw>
<status critical="yes" endtime="20151001 21:15:46.834" starttime="20151001 21:15:46.817" status="PASS"></status>
</test>
<test name="Test Incorrect Datatype Message" id="s1-t5">
<kw library="ArgsParserKeywords" name="Start Program With Arguments">
<arguments>
<arg>7</arg>
<arg>something</arg>
<arg>2</arg>
</arguments>
<status endtime="20151001 21:15:46.841" starttime="20151001 21:15:46.838" status="PASS"></status>
</kw>
<kw library="ArgsParserKeywords" name="Get Program Output">
<assign>
<var>${output}</var>
</assign>
<msg level="INFO" timestamp="20151001 21:15:46.845">${output} = usage: java VolumeCalculator length width height 
VolumeCalculator.java: error: argument width: invalid double value: something</msg>
<status endtime="20151001 21:15:46.845" starttime="20151001 21:15:46.843" status="PASS"></status>
</kw>
<kw library="BuiltIn" name="Should Be Equal">
<doc>Fails if the given objects are unequal.</doc>
<arguments>
<arg>${output}</arg>
<arg>${exp}</arg>
</arguments>
<status endtime="20151001 21:15:46.850" starttime="20151001 21:15:46.847" status="PASS"></status>
</kw>
<status critical="yes" endtime="20151001 21:15:46.851" starttime="20151001 21:15:46.835" status="PASS"></status>
</test>
<status endtime="20151001 21:15:46.854" starttime="20151001 21:15:46.342" status="PASS"></status>
</suite>
<statistics>
<total>
<stat pass="5" fail="0">Critical Tests</stat>
<stat pass="5" fail="0">All Tests</stat>
</total>
<tag>
</tag>
<suite>
<stat pass="5" fail="0" name="ArgsParserTests" id="s1">ArgsParserTests</stat>
</suite>
</statistics>
<errors>
<msg level="WARN" timestamp="20151001 21:15:46.691">Keyword 'Get Length' found both from a custom test library 'ArgsParserKeywords' and a standard library 'BuiltIn'. The custom keyword is used. To select explicitly, and to get rid of this warning, use either 'ArgsParserKeywords.Get Length' or 'BuiltIn.Get Length'.</msg>
</errors>
</robot>
