<?xml version="1.0" encoding="UTF-8"?>
<robot generator="Robot 2.9 (Jython 2.7.0 on java1.8.0_60)" generated="20151028 11:35:47.574">
<suite source="C:\Users\james\Desktop\softeng-project\acceptance\ArgsParserTests.txt" name="ArgsParserTests" id="s1">
<test name="Test Volume Calculator Normal Function" id="s1-t1">
<kw library="ArgsParserKeywords" name="Start Volume Cacluator With Arguments">
<arguments>
<arg>7</arg>
<arg>5</arg>
<arg>2</arg>
</arguments>
<msg level="FAIL" timestamp="20151028 11:35:47.886">NoSuchMethodError: edu.jsu.mcis.ArgsParser.addArgument(Ljava/lang/String;Ljava/lang/String;Ledu/jsu/mcis/Argument$Type;)V</msg>
<status endtime="20151028 11:35:47.886" starttime="20151028 11:35:47.871" status="FAIL"></status>
</kw>
<status critical="yes" endtime="20151028 11:35:47.886" starttime="20151028 11:35:47.871" status="FAIL">NoSuchMethodError: edu.jsu.mcis.ArgsParser.addArgument(Ljava/lang/String;Ljava/lang/String;Ledu/jsu/mcis/Argument$Type;)V</status>
</test>
<test name="Test Unrecognized Argument" id="s1-t2">
<kw library="ArgsParserKeywords" name="Start Volume Cacluator With Arguments">
<arguments>
<arg>7</arg>
<arg>5</arg>
<arg>2</arg>
<arg>43</arg>
</arguments>
<msg level="FAIL" timestamp="20151028 11:35:47.902">NoSuchMethodError: edu.jsu.mcis.ArgsParser.addArgument(Ljava/lang/String;Ljava/lang/String;Ledu/jsu/mcis/Argument$Type;)V</msg>
<status endtime="20151028 11:35:47.902" starttime="20151028 11:35:47.902" status="FAIL"></status>
</kw>
<status critical="yes" endtime="20151028 11:35:47.902" starttime="20151028 11:35:47.886" status="FAIL">NoSuchMethodError: edu.jsu.mcis.ArgsParser.addArgument(Ljava/lang/String;Ljava/lang/String;Ledu/jsu/mcis/Argument$Type;)V</status>
</test>
<test name="Test Absurd Program Normal Function" id="s1-t3">
<kw library="ArgsParserKeywords" name="Start Absurd Program With Arguments">
<arguments>
<arg>dog</arg>
<arg>2</arg>
<arg>true</arg>
<arg>3.5</arg>
</arguments>
<msg level="FAIL" timestamp="20151028 11:35:47.918">NoSuchMethodError: edu.jsu.mcis.ArgsParser.addArgument(Ljava/lang/String;Ljava/lang/String;Ledu/jsu/mcis/Argument$Type;)V</msg>
<status endtime="20151028 11:35:47.918" starttime="20151028 11:35:47.918" status="FAIL"></status>
</kw>
<status critical="yes" endtime="20151028 11:35:47.918" starttime="20151028 11:35:47.918" status="FAIL">NoSuchMethodError: edu.jsu.mcis.ArgsParser.addArgument(Ljava/lang/String;Ljava/lang/String;Ledu/jsu/mcis/Argument$Type;)V</status>
</test>
<test name="Test Usage Message" id="s1-t4">
<kw library="ArgsParserKeywords" name="Start Program With Arguments">
<arguments>
<arg>-h</arg>
</arguments>
<msg level="FAIL" timestamp="20151028 11:35:47.933">NoSuchMethodError: edu.jsu.mcis.ArgsParser.addArgument(Ljava/lang/String;Ljava/lang/String;Ledu/jsu/mcis/Argument$Type;)V</msg>
<status endtime="20151028 11:35:47.933" starttime="20151028 11:35:47.933" status="FAIL"></status>
</kw>
<status critical="yes" endtime="20151028 11:35:47.949" starttime="20151028 11:35:47.933" status="FAIL">NoSuchMethodError: edu.jsu.mcis.ArgsParser.addArgument(Ljava/lang/String;Ljava/lang/String;Ledu/jsu/mcis/Argument$Type;)V</status>
</test>
<test name="Test Incorrect Datatype Message" id="s1-t5">
<kw library="ArgsParserKeywords" name="Start Program With Arguments">
<arguments>
<arg>7</arg>
<arg>something</arg>
<arg>2</arg>
</arguments>
<msg level="FAIL" timestamp="20151028 11:35:47.949">NoSuchMethodError: edu.jsu.mcis.ArgsParser.addArgument(Ljava/lang/String;Ljava/lang/String;Ledu/jsu/mcis/Argument$Type;)V</msg>
<status endtime="20151028 11:35:47.949" starttime="20151028 11:35:47.949" status="FAIL"></status>
</kw>
<status critical="yes" endtime="20151028 11:35:47.949" starttime="20151028 11:35:47.949" status="FAIL">NoSuchMethodError: edu.jsu.mcis.ArgsParser.addArgument(Ljava/lang/String;Ljava/lang/String;Ledu/jsu/mcis/Argument$Type;)V</status>
</test>
<test name="Test Named Argument Defaults" id="s1-t6">
<kw library="ArgsParserKeywords" name="Start Volume Cacluator With Arguments">
<arguments>
<arg>7</arg>
<arg>3</arg>
<arg>2</arg>
</arguments>
<msg level="FAIL" timestamp="20151028 11:35:47.965">NoSuchMethodError: edu.jsu.mcis.ArgsParser.addArgument(Ljava/lang/String;Ljava/lang/String;Ledu/jsu/mcis/Argument$Type;)V</msg>
<status endtime="20151028 11:35:47.965" starttime="20151028 11:35:47.965" status="FAIL"></status>
</kw>
<status critical="yes" endtime="20151028 11:35:47.965" starttime="20151028 11:35:47.965" status="FAIL">NoSuchMethodError: edu.jsu.mcis.ArgsParser.addArgument(Ljava/lang/String;Ljava/lang/String;Ledu/jsu/mcis/Argument$Type;)V</status>
</test>
<test name="Test Named Argument Single" id="s1-t7">
<kw library="ArgsParserKeywords" name="Start Volume Cacluator With Arguments">
<arguments>
<arg>7</arg>
<arg>3</arg>
<arg>2</arg>
<arg>--type</arg>
<arg>ellipsoid</arg>
</arguments>
<msg level="FAIL" timestamp="20151028 11:35:47.980">NoSuchMethodError: edu.jsu.mcis.ArgsParser.addArgument(Ljava/lang/String;Ljava/lang/String;Ledu/jsu/mcis/Argument$Type;)V</msg>
<status endtime="20151028 11:35:47.980" starttime="20151028 11:35:47.980" status="FAIL"></status>
</kw>
<status critical="yes" endtime="20151028 11:35:47.980" starttime="20151028 11:35:47.965" status="FAIL">NoSuchMethodError: edu.jsu.mcis.ArgsParser.addArgument(Ljava/lang/String;Ljava/lang/String;Ledu/jsu/mcis/Argument$Type;)V</status>
</test>
<test name="Test Named Argument Multiple" id="s1-t8">
<kw library="ArgsParserKeywords" name="Start Volume Cacluator With Arguments">
<arguments>
<arg>7</arg>
<arg>3</arg>
<arg>2</arg>
<arg>--digits</arg>
<arg>1</arg>
<arg>--type</arg>
<arg>ellipsoid</arg>
</arguments>
<msg level="FAIL" timestamp="20151028 11:35:47.996">NoSuchMethodError: edu.jsu.mcis.ArgsParser.addArgument(Ljava/lang/String;Ljava/lang/String;Ledu/jsu/mcis/Argument$Type;)V</msg>
<status endtime="20151028 11:35:47.996" starttime="20151028 11:35:47.996" status="FAIL"></status>
</kw>
<status critical="yes" endtime="20151028 11:35:47.996" starttime="20151028 11:35:47.980" status="FAIL">NoSuchMethodError: edu.jsu.mcis.ArgsParser.addArgument(Ljava/lang/String;Ljava/lang/String;Ledu/jsu/mcis/Argument$Type;)V</status>
</test>
<test name="Test Named Argument Anywhere" id="s1-t9">
<kw library="ArgsParserKeywords" name="Start Volume Cacluator With Arguments">
<arguments>
<arg>--type</arg>
<arg>ellipsoid</arg>
<arg>7</arg>
<arg>3</arg>
<arg>--digits</arg>
<arg>1</arg>
<arg>2</arg>
</arguments>
<msg level="FAIL" timestamp="20151028 11:35:48.011">NoSuchMethodError: edu.jsu.mcis.ArgsParser.addArgument(Ljava/lang/String;Ljava/lang/String;Ledu/jsu/mcis/Argument$Type;)V</msg>
<status endtime="20151028 11:35:48.027" starttime="20151028 11:35:48.011" status="FAIL"></status>
</kw>
<status critical="yes" endtime="20151028 11:35:48.027" starttime="20151028 11:35:48.011" status="FAIL">NoSuchMethodError: edu.jsu.mcis.ArgsParser.addArgument(Ljava/lang/String;Ljava/lang/String;Ledu/jsu/mcis/Argument$Type;)V</status>
</test>
<test name="Test Help Flag" id="s1-t10">
<kw library="ArgsParserKeywords" name="Start Program With Arguments">
<arguments>
<arg>7</arg>
<arg>--help</arg>
<arg>3</arg>
<arg>2</arg>
</arguments>
<msg level="FAIL" timestamp="20151028 11:35:48.027">NoSuchMethodError: edu.jsu.mcis.ArgsParser.addArgument(Ljava/lang/String;Ljava/lang/String;Ledu/jsu/mcis/Argument$Type;)V</msg>
<status endtime="20151028 11:35:48.027" starttime="20151028 11:35:48.027" status="FAIL"></status>
</kw>
<status critical="yes" endtime="20151028 11:35:48.043" starttime="20151028 11:35:48.027" status="FAIL">NoSuchMethodError: edu.jsu.mcis.ArgsParser.addArgument(Ljava/lang/String;Ljava/lang/String;Ledu/jsu/mcis/Argument$Type;)V</status>
</test>
<status endtime="20151028 11:35:48.043" starttime="20151028 11:35:47.590" status="FAIL"></status>
</suite>
<statistics>
<total>
<stat pass="0" fail="10">Critical Tests</stat>
<stat pass="0" fail="10">All Tests</stat>
</total>
<tag>
</tag>
<suite>
<stat pass="0" fail="10" name="ArgsParserTests" id="s1">ArgsParserTests</stat>
</suite>
</statistics>
<errors>
</errors>
</robot>
